<?xml version="1.0" encoding="UTF-8"?>
<!-- Generated by org.testng.reporters.JUnitXMLReporter -->
<testsuite hostname="XPS17" name="Default test" tests="4" failures="0" timestamp="24 Apr 2022 06:38:46 GMT" time="35.718" errors="0">
  <testcase name="TC_OHRM_Admin_Users_SearchBtn_1" time="6.287" classname="com.selenium.tests.UsersPageTest"/>
  <testcase name="TC_OHRM_Admin_Users_SearchBtn_2" time="6.115" classname="com.selenium.tests.UsersPageTest"/>
  <testcase name="TC_OHRM_Admin_Users_SearchBtn_3" time="6.355" classname="com.selenium.tests.UsersPageTest"/>
  <testcase name="TC_OHRM_Admin_Users_SearchBtn_4" time="7.436" classname="com.selenium.tests.UsersPageTest"/>
</testsuite> <!-- Default test -->
