<?xml version="1.0" encoding="UTF-8"?>
<!-- Generated by org.testng.reporters.JUnitXMLReporter -->
<testsuite hostname="XPS17" name="DefaultTT test" tests="7" failures="0" timestamp="15 Apr 2022 23:29:59 GMT" time="71.066" errors="0">
  <testcase name="TC_OHRM_Login_1" time="2.867" classname="com.selenium.tests.LogInTest"/>
  <testcase name="TC_OHRM_Login_2" time="2.426" classname="com.selenium.tests.LogInTest"/>
  <testcase name="TC_OHRM_Login_3" time="2.088" classname="com.selenium.tests.LogInTest"/>
  <testcase name="TC_OHRM_Login_4" time="1.949" classname="com.selenium.tests.LogInTest"/>
  <testcase name="TC_OHRM_Users_SystemUsersField_1" time="13.105" classname="com.selenium.tests.UsersPageTest"/>
  <testcase name="TC_OHRM_Users_SystemUsersField_2" time="16.199" classname="com.selenium.tests.UsersPageTest"/>
  <testcase name="TC_OHRM_Users_SystemUsersField_3" time="15.529" classname="com.selenium.tests.UsersPageTest"/>
</testsuite> <!-- DefaultTT test -->
