<?xml version="1.0" encoding="UTF-8"?>
<testng-results skipped="0" failed="0" total="1" passed="1">
  <reporter-output>
  </reporter-output>
  <suite name="Automation Test suite" duration-ms="6457" started-at="2022-04-24T03:10:13Z" finished-at="2022-04-24T03:10:20Z">
    <groups>
      <group name="A">
        <method signature="LogInTest.TC_OHRM_Login_1()[pri:0, instance:com.selenium.tests.LogInTest@117e949d]" name="TC_OHRM_Login_1" class="com.selenium.tests.LogInTest"/>
      </group> <!-- A -->
    </groups>
    <test name="All Tests2" duration-ms="6457" started-at="2022-04-24T03:10:13Z" finished-at="2022-04-24T03:10:20Z">
      <class name="com.selenium.tests.LogInTest">
        <test-method status="PASS" signature="beforeAllMethods(org.testng.ITestContext)[pri:0, instance:com.selenium.tests.LogInTest@117e949d]" name="beforeAllMethods" is-config="true" duration-ms="35" started-at="2022-04-23T23:10:13Z" finished-at="2022-04-23T23:10:13Z">
          <params>
            <param index="0">
              <value>
                <![CDATA[org.testng.TestRunner@66596a88]]>
              </value>
            </param>
          </params>
          <reporter-output>
          </reporter-output>
        </test-method> <!-- beforeAllMethods -->
        <test-method status="PASS" signature="setUpBeforeEachTest(java.lang.reflect.Method)[pri:0, instance:com.selenium.tests.LogInTest@117e949d]" name="setUpBeforeEachTest" is-config="true" duration-ms="3043" started-at="2022-04-23T23:10:13Z" finished-at="2022-04-23T23:10:16Z">
          <params>
            <param index="0">
              <value>
                <![CDATA[public void com.selenium.tests.LogInTest.TC_OHRM_Login_1()]]>
              </value>
            </param>
          </params>
          <reporter-output>
          </reporter-output>
        </test-method> <!-- setUpBeforeEachTest -->
        <test-method status="PASS" signature="TC_OHRM_Login_1()[pri:0, instance:com.selenium.tests.LogInTest@117e949d]" name="TC_OHRM_Login_1" duration-ms="2450" started-at="2022-04-23T23:10:16Z" finished-at="2022-04-23T23:10:19Z">
          <reporter-output>
          </reporter-output>
        </test-method> <!-- TC_OHRM_Login_1 -->
        <test-method status="PASS" signature="cleanUpAfterEachTest(org.testng.ITestResult)[pri:0, instance:com.selenium.tests.LogInTest@117e949d]" name="cleanUpAfterEachTest" is-config="true" duration-ms="255" started-at="2022-04-23T23:10:19Z" finished-at="2022-04-23T23:10:19Z">
          <params>
            <param index="0">
              <value>
                <![CDATA[[TestResult name=TC_OHRM_Login_1 status=SUCCESS method=LogInTest.TC_OHRM_Login_1()[pri:0, instance:com.selenium.tests.LogInTest@117e949d] output={null}]]]>
              </value>
            </param>
          </params>
          <reporter-output>
          </reporter-output>
        </test-method> <!-- cleanUpAfterEachTest -->
        <test-method status="PASS" signature="afterAllMethods()[pri:0, instance:com.selenium.tests.LogInTest@117e949d]" name="afterAllMethods" is-config="true" duration-ms="666" started-at="2022-04-23T23:10:19Z" finished-at="2022-04-23T23:10:20Z">
          <reporter-output>
          </reporter-output>
        </test-method> <!-- afterAllMethods -->
      </class> <!-- com.selenium.tests.LogInTest -->
    </test> <!-- All Tests2 -->
  </suite> <!-- Automation Test suite -->
</testng-results>
