<?xml version="1.0" encoding="UTF-8"?>
<testsuite xmlns:xsi="http://www.w3.org/2001/XMLSchema-instance" xsi:noNamespaceSchemaLocation="https://maven.apache.org/surefire/maven-surefire-plugin/xsd/surefire-test-report-3.0.xsd" version="3.0" name="TestSuite" time="36.487" tests="2" errors="0" skipped="0" failures="2">
  <properties>
[...]
</properties>
  <testcase name="buyAHouseTest" classname="com.selenium.tests.TestingLogin" time="13.749">
    <failure message="no such element: Unable to locate element: {&quot;method&quot;:&quot;css selector&quot;,&quot;selector&quot;:&quot;#menu_admin_viewAdminModule&quot;}&#10;  (Session info: chrome=100.0.4896.60)&#10;For documentation on this error, please visit: https://selenium.dev/exceptions/#no_such_element&#10;Build info: version: &apos;4.1.1&apos;, revision: &apos;e8fcc2cecf&apos;&#10;System info: host: &apos;XPS17&apos;, ip: &apos;192.168.1.156&apos;, os.name: &apos;Windows 10&apos;, os.arch: &apos;amd64&apos;, os.version: &apos;10.0&apos;, java.version: &apos;1.8.0_231&apos;&#10;Driver info: org.openqa.selenium.chrome.ChromeDriver&#10;Command: [babb6b9bbc7dac0636b832a565c1ce54, findElement {using=id, value=menu_admin_viewAdminModule}]&#10;Capabilities {acceptInsecureCerts: false, browserName: chrome, browserVersion: 100.0.4896.60, chrome: {chromedriverVersion: 100.0.4896.60 (6a5d10861ce8..., userDataDir: C:\Users\salag\AppData\Loca...}, goog:chromeOptions: {debuggerAddress: localhost:59584}, javascriptEnabled: true, networkConnectionEnabled: false, pageLoadStrategy: normal, platform: WINDOWS, platformName: WINDOWS, proxy: Proxy(), se:cdp: ws://localhost:59584/devtoo..., se:cdpVersion: 100.0.4896.60, setWindowRect: true, strictFileInteractability: false, timeouts: {implicit: 0, pageLoad: 300000, script: 30000}, unhandledPromptBehavior: dismiss and notify, webauthn:extension:credBlob: true, webauthn:extension:largeBlob: true, webauthn:virtualAuthenticators: true}&#10;Session ID: babb6b9bbc7dac0636b832a565c1ce54" type="org.openqa.selenium.NoSuchElementException"><![CDATA[org.openqa.selenium.NoSuchElementException: 
no such element: Unable to locate element: {"method":"css selector","selector":"#menu_admin_viewAdminModule"}
  (Session info: chrome=100.0.4896.60)
For documentation on this error, please visit: https://selenium.dev/exceptions/#no_such_element
Build info: version: '4.1.1', revision: 'e8fcc2cecf'
System info: host: 'XPS17', ip: '192.168.1.156', os.name: 'Windows 10', os.arch: 'amd64', os.version: '10.0', java.version: '1.8.0_231'
Driver info: org.openqa.selenium.chrome.ChromeDriver
Command: [babb6b9bbc7dac0636b832a565c1ce54, findElement {using=id, value=menu_admin_viewAdminModule}]
Capabilities {acceptInsecureCerts: false, browserName: chrome, browserVersion: 100.0.4896.60, chrome: {chromedriverVersion: 100.0.4896.60 (6a5d10861ce8..., userDataDir: C:\Users\salag\AppData\Loca...}, goog:chromeOptions: {debuggerAddress: localhost:59584}, javascriptEnabled: true, networkConnectionEnabled: false, pageLoadStrategy: normal, platform: WINDOWS, platformName: WINDOWS, proxy: Proxy(), se:cdp: ws://localhost:59584/devtoo..., se:cdpVersion: 100.0.4896.60, setWindowRect: true, strictFileInteractability: false, timeouts: {implicit: 0, pageLoad: 300000, script: 30000}, unhandledPromptBehavior: dismiss and notify, webauthn:extension:credBlob: true, webauthn:extension:largeBlob: true, webauthn:virtualAuthenticators: true}
Session ID: babb6b9bbc7dac0636b832a565c1ce54
	at com.selenium.tests.TestingLogin.buyAHouseTest(TestingLogin.java:42)
]]></failure>
    <system-out><![CDATA[2022-04-07 03:30:04 INFO  Base:51 - ==================================Automation suite started
2022-04-07 03:30:04 INFO  ExcelManager:47 - Reading Excel File --->C:\Users\salag\eclipse-workspace\2021ClassJavaTraining\DSOrangeHRMProject2\src\test\resources\testData\loginCredentialsData.xlsx
2022-04-07 03:30:05 INFO  Base:72 - =====================Performing setUp
2022-04-07 03:30:05 INFO  WebDriverManager:1093 - Using chromedriver 100.0.4896.60 (resolved driver for Chrome 100)
2022-04-07 03:30:05 INFO  WebDriverManager:1148 - Exporting webdriver.chrome.driver as C:\Users\salag\.cache\selenium\chromedriver\win32\100.0.4896.60\chromedriver.exe
]]></system-out>
    <system-err><![CDATA[Starting ChromeDriver 100.0.4896.60 (6a5d10861ce8de5fce22564658033b43cb7de047-refs/branch-heads/4896@{#875}) on port 57715
Only local connections are allowed.
Please see https://chromedriver.chromium.org/security-considerations for suggestions on keeping ChromeDriver safe.
ChromeDriver was started successfully.
Apr 07, 2022 3:30:08 AM org.openqa.selenium.remote.ProtocolHandshake createSession
INFO: Detected dialect: W3C
Apr 07, 2022 3:30:08 AM org.openqa.selenium.devtools.CdpVersionFinder findNearestMatch
WARNING: Unable to find an exact match for CDP version 100, so returning the closest version found: 96
Apr 07, 2022 3:30:08 AM org.openqa.selenium.devtools.CdpVersionFinder findNearestMatch
INFO: Found CDP implementation for version 100 of 96
]]></system-err>
  </testcase>
  <testcase name="buyAHouseTest" classname="com.selenium.tests.TestingLogin" time="13.727">
    <failure message="no such element: Unable to locate element: {&quot;method&quot;:&quot;css selector&quot;,&quot;selector&quot;:&quot;#menu_admin_viewAdminModule&quot;}&#10;  (Session info: chrome=100.0.4896.60)&#10;For documentation on this error, please visit: https://selenium.dev/exceptions/#no_such_element&#10;Build info: version: &apos;4.1.1&apos;, revision: &apos;e8fcc2cecf&apos;&#10;System info: host: &apos;XPS17&apos;, ip: &apos;192.168.1.156&apos;, os.name: &apos;Windows 10&apos;, os.arch: &apos;amd64&apos;, os.version: &apos;10.0&apos;, java.version: &apos;1.8.0_231&apos;&#10;Driver info: org.openqa.selenium.chrome.ChromeDriver&#10;Command: [e1792cbb6967f88386755973fd2b74e9, findElement {using=id, value=menu_admin_viewAdminModule}]&#10;Capabilities {acceptInsecureCerts: false, browserName: chrome, browserVersion: 100.0.4896.60, chrome: {chromedriverVersion: 100.0.4896.60 (6a5d10861ce8..., userDataDir: C:\Users\salag\AppData\Loca...}, goog:chromeOptions: {debuggerAddress: localhost:59636}, javascriptEnabled: true, networkConnectionEnabled: false, pageLoadStrategy: normal, platform: WINDOWS, platformName: WINDOWS, proxy: Proxy(), se:cdp: ws://localhost:59636/devtoo..., se:cdpVersion: 100.0.4896.60, setWindowRect: true, strictFileInteractability: false, timeouts: {implicit: 0, pageLoad: 300000, script: 30000}, unhandledPromptBehavior: dismiss and notify, webauthn:extension:credBlob: true, webauthn:extension:largeBlob: true, webauthn:virtualAuthenticators: true}&#10;Session ID: e1792cbb6967f88386755973fd2b74e9" type="org.openqa.selenium.NoSuchElementException"><![CDATA[org.openqa.selenium.NoSuchElementException: 
no such element: Unable to locate element: {"method":"css selector","selector":"#menu_admin_viewAdminModule"}
  (Session info: chrome=100.0.4896.60)
For documentation on this error, please visit: https://selenium.dev/exceptions/#no_such_element
Build info: version: '4.1.1', revision: 'e8fcc2cecf'
System info: host: 'XPS17', ip: '192.168.1.156', os.name: 'Windows 10', os.arch: 'amd64', os.version: '10.0', java.version: '1.8.0_231'
Driver info: org.openqa.selenium.chrome.ChromeDriver
Command: [e1792cbb6967f88386755973fd2b74e9, findElement {using=id, value=menu_admin_viewAdminModule}]
Capabilities {acceptInsecureCerts: false, browserName: chrome, browserVersion: 100.0.4896.60, chrome: {chromedriverVersion: 100.0.4896.60 (6a5d10861ce8..., userDataDir: C:\Users\salag\AppData\Loca...}, goog:chromeOptions: {debuggerAddress: localhost:59636}, javascriptEnabled: true, networkConnectionEnabled: false, pageLoadStrategy: normal, platform: WINDOWS, platformName: WINDOWS, proxy: Proxy(), se:cdp: ws://localhost:59636/devtoo..., se:cdpVersion: 100.0.4896.60, setWindowRect: true, strictFileInteractability: false, timeouts: {implicit: 0, pageLoad: 300000, script: 30000}, unhandledPromptBehavior: dismiss and notify, webauthn:extension:credBlob: true, webauthn:extension:largeBlob: true, webauthn:virtualAuthenticators: true}
Session ID: e1792cbb6967f88386755973fd2b74e9
	at com.selenium.tests.TestingLogin.buyAHouseTest(TestingLogin.java:42)
]]></failure>
    <system-out><![CDATA[2022-04-07 03:30:22 INFO  Base:97 - =====================Performing cleanUp
2022-04-07 03:30:22 INFO  Base:101 - Failed Test: buyAHouseTest
2022-04-07 03:30:22 INFO  SeleniumMethodsLibrary:257 - Screenshot taken and saved in: [C:\Users\salag\eclipse-workspace\2021ClassJavaTraining\DSOrangeHRMProject2\target\screenshots\buyAHouseTest_20220407_03_30_22_163.png]
2022-04-07 03:30:23 INFO  Base:72 - =====================Performing setUp
2022-04-07 03:30:23 INFO  WebDriverManager:1093 - Using chromedriver 100.0.4896.60 (resolved driver for Chrome 100)
2022-04-07 03:30:23 INFO  WebDriverManager:1148 - Exporting webdriver.chrome.driver as C:\Users\salag\.cache\selenium\chromedriver\win32\100.0.4896.60\chromedriver.exe
]]></system-out>
    <system-err><![CDATA[Starting ChromeDriver 100.0.4896.60 (6a5d10861ce8de5fce22564658033b43cb7de047-refs/branch-heads/4896@{#875}) on port 58780
Only local connections are allowed.
Please see https://chromedriver.chromium.org/security-considerations for suggestions on keeping ChromeDriver safe.
ChromeDriver was started successfully.
Apr 07, 2022 3:30:24 AM org.openqa.selenium.remote.ProtocolHandshake createSession
INFO: Detected dialect: W3C
Apr 07, 2022 3:30:24 AM org.openqa.selenium.devtools.CdpVersionFinder findNearestMatch
WARNING: Unable to find an exact match for CDP version 100, so returning the closest version found: 96
Apr 07, 2022 3:30:24 AM org.openqa.selenium.devtools.CdpVersionFinder findNearestMatch
INFO: Found CDP implementation for version 100 of 96
]]></system-err>
  </testcase>
</testsuite>