<?xml version="1.0" encoding="UTF-8"?>
<testng-results skipped="0" failed="0" total="4" passed="4">
  <reporter-output>
  </reporter-output>
  <suite name="Default suite" duration-ms="35718" started-at="2022-04-24T06:38:11Z" finished-at="2022-04-24T06:38:46Z">
    <groups>
      <group name="Regression">
        <method signature="UsersPageTest.TC_OHRM_Admin_Users_SearchBtn_1()[pri:0, instance:com.selenium.tests.UsersPageTest@2525ff7e]" name="TC_OHRM_Admin_Users_SearchBtn_1" class="com.selenium.tests.UsersPageTest"/>
        <method signature="UsersPageTest.TC_OHRM_Admin_Users_SearchBtn_2()[pri:0, instance:com.selenium.tests.UsersPageTest@2525ff7e]" name="TC_OHRM_Admin_Users_SearchBtn_2" class="com.selenium.tests.UsersPageTest"/>
        <method signature="UsersPageTest.TC_OHRM_Admin_Users_SearchBtn_3()[pri:0, instance:com.selenium.tests.UsersPageTest@2525ff7e]" name="TC_OHRM_Admin_Users_SearchBtn_3" class="com.selenium.tests.UsersPageTest"/>
        <method signature="UsersPageTest.TC_OHRM_Admin_Users_SearchBtn_4()[pri:0, instance:com.selenium.tests.UsersPageTest@2525ff7e]" name="TC_OHRM_Admin_Users_SearchBtn_4" class="com.selenium.tests.UsersPageTest"/>
      </group> <!-- Regression -->
    </groups>
    <test name="Default test" duration-ms="35718" started-at="2022-04-24T06:38:11Z" finished-at="2022-04-24T06:38:46Z">
      <class name="com.selenium.tests.UsersPageTest">
        <test-method status="PASS" signature="beforeAllMethods(org.testng.ITestContext)[pri:0, instance:com.selenium.tests.UsersPageTest@2525ff7e]" name="beforeAllMethods" is-config="true" duration-ms="35" started-at="2022-04-24T02:38:11Z" finished-at="2022-04-24T02:38:11Z">
          <params>
            <param index="0">
              <value>
                <![CDATA[org.testng.TestRunner@58f4b31a]]>
              </value>
            </param>
          </params>
          <reporter-output>
          </reporter-output>
        </test-method> <!-- beforeAllMethods -->
        <test-method status="PASS" signature="setUpBeforeEachTest(java.lang.reflect.Method)[pri:0, instance:com.selenium.tests.UsersPageTest@2525ff7e]" name="setUpBeforeEachTest" is-config="true" duration-ms="3052" started-at="2022-04-24T02:38:11Z" finished-at="2022-04-24T02:38:14Z">
          <params>
            <param index="0">
              <value>
                <![CDATA[public void com.selenium.tests.UsersPageTest.TC_OHRM_Admin_Users_SearchBtn_1()]]>
              </value>
            </param>
          </params>
          <reporter-output>
          </reporter-output>
        </test-method> <!-- setUpBeforeEachTest -->
        <test-method status="PASS" signature="TC_OHRM_Admin_Users_SearchBtn_1()[pri:0, instance:com.selenium.tests.UsersPageTest@2525ff7e]" name="TC_OHRM_Admin_Users_SearchBtn_1" duration-ms="6287" started-at="2022-04-24T02:38:14Z" finished-at="2022-04-24T02:38:20Z">
          <reporter-output>
          </reporter-output>
        </test-method> <!-- TC_OHRM_Admin_Users_SearchBtn_1 -->
        <test-method status="PASS" signature="cleanUpAfterEachTest(org.testng.ITestResult)[pri:0, instance:com.selenium.tests.UsersPageTest@2525ff7e]" name="cleanUpAfterEachTest" is-config="true" duration-ms="253" started-at="2022-04-24T02:38:20Z" finished-at="2022-04-24T02:38:20Z">
          <params>
            <param index="0">
              <value>
                <![CDATA[[TestResult name=TC_OHRM_Admin_Users_SearchBtn_1 status=SUCCESS method=UsersPageTest.TC_OHRM_Admin_Users_SearchBtn_1()[pri:0, instance:com.selenium.tests.UsersPageTest@2525ff7e] output={null}]]]>
              </value>
            </param>
          </params>
          <reporter-output>
          </reporter-output>
        </test-method> <!-- cleanUpAfterEachTest -->
        <test-method status="PASS" signature="setUpBeforeEachTest(java.lang.reflect.Method)[pri:0, instance:com.selenium.tests.UsersPageTest@2525ff7e]" name="setUpBeforeEachTest" is-config="true" duration-ms="1655" started-at="2022-04-24T02:38:20Z" finished-at="2022-04-24T02:38:22Z">
          <params>
            <param index="0">
              <value>
                <![CDATA[public void com.selenium.tests.UsersPageTest.TC_OHRM_Admin_Users_SearchBtn_2()]]>
              </value>
            </param>
          </params>
          <reporter-output>
          </reporter-output>
        </test-method> <!-- setUpBeforeEachTest -->
        <test-method status="PASS" signature="TC_OHRM_Admin_Users_SearchBtn_2()[pri:0, instance:com.selenium.tests.UsersPageTest@2525ff7e]" name="TC_OHRM_Admin_Users_SearchBtn_2" duration-ms="6115" started-at="2022-04-24T02:38:22Z" finished-at="2022-04-24T02:38:28Z">
          <reporter-output>
          </reporter-output>
        </test-method> <!-- TC_OHRM_Admin_Users_SearchBtn_2 -->
        <test-method status="PASS" signature="cleanUpAfterEachTest(org.testng.ITestResult)[pri:0, instance:com.selenium.tests.UsersPageTest@2525ff7e]" name="cleanUpAfterEachTest" is-config="true" duration-ms="247" started-at="2022-04-24T02:38:28Z" finished-at="2022-04-24T02:38:28Z">
          <params>
            <param index="0">
              <value>
                <![CDATA[[TestResult name=TC_OHRM_Admin_Users_SearchBtn_2 status=SUCCESS method=UsersPageTest.TC_OHRM_Admin_Users_SearchBtn_2()[pri:0, instance:com.selenium.tests.UsersPageTest@2525ff7e] output={null}]]]>
              </value>
            </param>
          </params>
          <reporter-output>
          </reporter-output>
        </test-method> <!-- cleanUpAfterEachTest -->
        <test-method status="PASS" signature="setUpBeforeEachTest(java.lang.reflect.Method)[pri:0, instance:com.selenium.tests.UsersPageTest@2525ff7e]" name="setUpBeforeEachTest" is-config="true" duration-ms="1558" started-at="2022-04-24T02:38:28Z" finished-at="2022-04-24T02:38:30Z">
          <params>
            <param index="0">
              <value>
                <![CDATA[public void com.selenium.tests.UsersPageTest.TC_OHRM_Admin_Users_SearchBtn_3()]]>
              </value>
            </param>
          </params>
          <reporter-output>
          </reporter-output>
        </test-method> <!-- setUpBeforeEachTest -->
        <test-method status="PASS" signature="TC_OHRM_Admin_Users_SearchBtn_3()[pri:0, instance:com.selenium.tests.UsersPageTest@2525ff7e]" name="TC_OHRM_Admin_Users_SearchBtn_3" duration-ms="6355" started-at="2022-04-24T02:38:30Z" finished-at="2022-04-24T02:38:36Z">
          <reporter-output>
          </reporter-output>
        </test-method> <!-- TC_OHRM_Admin_Users_SearchBtn_3 -->
        <test-method status="PASS" signature="cleanUpAfterEachTest(org.testng.ITestResult)[pri:0, instance:com.selenium.tests.UsersPageTest@2525ff7e]" name="cleanUpAfterEachTest" is-config="true" duration-ms="291" started-at="2022-04-24T02:38:36Z" finished-at="2022-04-24T02:38:36Z">
          <params>
            <param index="0">
              <value>
                <![CDATA[[TestResult name=TC_OHRM_Admin_Users_SearchBtn_3 status=SUCCESS method=UsersPageTest.TC_OHRM_Admin_Users_SearchBtn_3()[pri:0, instance:com.selenium.tests.UsersPageTest@2525ff7e] output={null}]]]>
              </value>
            </param>
          </params>
          <reporter-output>
          </reporter-output>
        </test-method> <!-- cleanUpAfterEachTest -->
        <test-method status="PASS" signature="setUpBeforeEachTest(java.lang.reflect.Method)[pri:0, instance:com.selenium.tests.UsersPageTest@2525ff7e]" name="setUpBeforeEachTest" is-config="true" duration-ms="1560" started-at="2022-04-24T02:38:36Z" finished-at="2022-04-24T02:38:38Z">
          <params>
            <param index="0">
              <value>
                <![CDATA[public void com.selenium.tests.UsersPageTest.TC_OHRM_Admin_Users_SearchBtn_4()]]>
              </value>
            </param>
          </params>
          <reporter-output>
          </reporter-output>
        </test-method> <!-- setUpBeforeEachTest -->
        <test-method status="PASS" signature="TC_OHRM_Admin_Users_SearchBtn_4()[pri:0, instance:com.selenium.tests.UsersPageTest@2525ff7e]" name="TC_OHRM_Admin_Users_SearchBtn_4" duration-ms="7436" started-at="2022-04-24T02:38:38Z" finished-at="2022-04-24T02:38:45Z">
          <reporter-output>
          </reporter-output>
        </test-method> <!-- TC_OHRM_Admin_Users_SearchBtn_4 -->
        <test-method status="PASS" signature="cleanUpAfterEachTest(org.testng.ITestResult)[pri:0, instance:com.selenium.tests.UsersPageTest@2525ff7e]" name="cleanUpAfterEachTest" is-config="true" duration-ms="196" started-at="2022-04-24T02:38:45Z" finished-at="2022-04-24T02:38:46Z">
          <params>
            <param index="0">
              <value>
                <![CDATA[[TestResult name=TC_OHRM_Admin_Users_SearchBtn_4 status=SUCCESS method=UsersPageTest.TC_OHRM_Admin_Users_SearchBtn_4()[pri:0, instance:com.selenium.tests.UsersPageTest@2525ff7e] output={null}]]]>
              </value>
            </param>
          </params>
          <reporter-output>
          </reporter-output>
        </test-method> <!-- cleanUpAfterEachTest -->
        <test-method status="PASS" signature="afterAllMethods()[pri:0, instance:com.selenium.tests.UsersPageTest@2525ff7e]" name="afterAllMethods" is-config="true" duration-ms="658" started-at="2022-04-24T02:38:46Z" finished-at="2022-04-24T02:38:46Z">
          <reporter-output>
          </reporter-output>
        </test-method> <!-- afterAllMethods -->
      </class> <!-- com.selenium.tests.UsersPageTest -->
    </test> <!-- Default test -->
  </suite> <!-- Default suite -->
</testng-results>
