<?xml version="1.0" encoding="UTF-8"?>
<!-- Generated by org.testng.reporters.JUnitXMLReporter -->
<testsuite hostname="XPS17" name="Default test" tests="4" failures="0" timestamp="14 Apr 2022 03:35:21 GMT" time="20.042" errors="0">
  <testcase name="TC_OHRM_Login_1" time="2.71" classname="com.selenium.tests.LogInTest"/>
  <testcase name="TC_OHRM_Login_2" time="2.329" classname="com.selenium.tests.LogInTest"/>
  <testcase name="TC_OHRM_Login_3" time="1.92" classname="com.selenium.tests.LogInTest"/>
  <testcase name="TC_OHRM_Login_4" time="1.856" classname="com.selenium.tests.LogInTest"/>
</testsuite> <!-- Default test -->
