<?xml version="1.0" encoding="UTF-8"?>
<!-- Generated by org.testng.reporters.JUnitXMLReporter -->
<testsuite hostname="XPS17" name="Regression Tests" tests="7" failures="0" timestamp="16 Apr 2022 04:16:16 GMT" time="93.015" errors="0">
  <testcase name="TC_OHRM_Login_1" time="3.367" classname="com.selenium.tests.LogInTest"/>
  <testcase name="TC_OHRM_Login_2" time="2.772" classname="com.selenium.tests.LogInTest"/>
  <testcase name="TC_OHRM_Login_3" time="2.999" classname="com.selenium.tests.LogInTest"/>
  <testcase name="TC_OHRM_Login_4" time="3.371" classname="com.selenium.tests.LogInTest"/>
  <testcase name="TC_OHRM_Users_SystemUsersField_1" time="18.006" classname="com.selenium.tests.UsersPageTest"/>
  <testcase name="TC_OHRM_Users_SystemUsersField_2" time="18.867" classname="com.selenium.tests.UsersPageTest"/>
  <testcase name="TC_OHRM_Users_SystemUsersField_3" time="17.924" classname="com.selenium.tests.UsersPageTest"/>
</testsuite> <!-- Regression Tests -->
